<?xml version="1.0" encoding="UTF-8"?>
<!-- Generated by org.testng.reporters.JUnitXMLReporter -->
<testsuite hostname="DESKTOP-R5U0RRK" name="Chrome Browser" tests="1" failures="1" timestamp="15 Oct 2024 05:27:11 GMT" time="0.094" errors="0">
  <testcase name="@AfterClass tearDown" time="0.0" classname="com.saucelab.testCases.LoginTest">
    <failure type="java.lang.NullPointerException">
      <![CDATA[java.lang.NullPointerException
	at com.saucelab.testCases.BaseClass.tearDown(BaseClass.java:48)
... Removed 25 stack frames]]>
    </failure>
  </testcase> <!-- @AfterClass tearDown -->
  <testcase name="verifyLogin" time="0.01" classname="com.saucelab.testCases.LoginTest">
    <failure type="java.lang.NullPointerException">
      <![CDATA[java.lang.NullPointerException
	at com.saucelab.testCases.LoginTest.verifyLogin(LoginTest.java:14)
... Removed 25 stack frames]]>
    </failure>
  </testcase> <!-- verifyLogin -->
</testsuite> <!-- Chrome Browser -->
