<?xml version="1.0" encoding="UTF-8"?>
<testng-results ignored="0" total="1" passed="1" failed="0" skipped="0">
  <reporter-output>
  </reporter-output>
  <suite started-at="2024-10-21T10:28:14 IST" name="Suite" finished-at="2024-10-21T10:28:29 IST" duration-ms="15250">
    <groups>
    </groups>
    <test started-at="2024-10-21T10:28:14 IST" name="Test" finished-at="2024-10-21T10:28:29 IST" duration-ms="15250">
      <class name="com.saucelab.testCases.LoginTest">
        <test-method is-config="true" signature="setup()[pri:0, instance:com.saucelab.testCases.LoginTest@35aea049]" started-at="2024-10-21T10:28:15 IST" name="setup" finished-at="2024-10-21T10:28:23 IST" duration-ms="7863" status="PASS">
          <reporter-output>
          </reporter-output>
        </test-method> <!-- setup -->
        <test-method signature="verifyLogin()[pri:0, instance:com.saucelab.testCases.LoginTest@35aea049]" started-at="2024-10-21T10:28:23 IST" name="verifyLogin" finished-at="2024-10-21T10:28:29 IST" duration-ms="6534" status="PASS">
          <reporter-output>
          </reporter-output>
        </test-method> <!-- verifyLogin -->
      </class> <!-- com.saucelab.testCases.LoginTest -->
    </test> <!-- Test -->
  </suite> <!-- Suite -->
</testng-results>
